<?xml version="1.0" encoding="UTF-8"?>
<testsuite name="org.example.web.HelloControllerTest" tests="2" skipped="0" failures="0" errors="0" timestamp="2022-03-19T14:28:46" hostname="DESKTOP-BDSRUF4" time="0.679">
  <properties/>
  <testcase name="hello_리턴_Test" classname="org.example.web.HelloControllerTest" time="0.491"/>
  <testcase name="helloDto_리턴_Test" classname="org.example.web.HelloControllerTest" time="0.186"/>
  <system-out><![CDATA[23:28:40.270 [Test worker] DEBUG org.springframework.test.context.junit4.SpringJUnit4ClassRunner - SpringJUnit4ClassRunner constructor called with [class org.example.web.HelloControllerTest]
23:28:40.279 [Test worker] DEBUG org.springframework.test.context.BootstrapUtils - Instantiating CacheAwareContextLoaderDelegate from class [org.springframework.test.context.cache.DefaultCacheAwareContextLoaderDelegate]
23:28:40.291 [Test worker] DEBUG org.springframework.test.context.BootstrapUtils - Instantiating BootstrapContext using constructor [public org.springframework.test.context.support.DefaultBootstrapContext(java.lang.Class,org.springframework.test.context.CacheAwareContextLoaderDelegate)]
23:28:40.327 [Test worker] DEBUG org.springframework.test.context.BootstrapUtils - Instantiating TestContextBootstrapper for test class [org.example.web.HelloControllerTest] from class [org.springframework.boot.test.autoconfigure.web.servlet.WebMvcTestContextBootstrapper]
23:28:40.357 [Test worker] INFO org.springframework.boot.test.autoconfigure.web.servlet.WebMvcTestContextBootstrapper - Neither @ContextConfiguration nor @ContextHierarchy found for test class [org.example.web.HelloControllerTest], using SpringBootContextLoader
23:28:40.364 [Test worker] DEBUG org.springframework.test.context.support.AbstractContextLoader - Did not detect default resource location for test class [org.example.web.HelloControllerTest]: class path resource [org/example/web/HelloControllerTest-context.xml] does not exist
23:28:40.365 [Test worker] DEBUG org.springframework.test.context.support.AbstractContextLoader - Did not detect default resource location for test class [org.example.web.HelloControllerTest]: class path resource [org/example/web/HelloControllerTestContext.groovy] does not exist
23:28:40.365 [Test worker] INFO org.springframework.test.context.support.AbstractContextLoader - Could not detect default resource locations for test class [org.example.web.HelloControllerTest]: no resource found for suffixes {-context.xml, Context.groovy}.
23:28:40.366 [Test worker] INFO org.springframework.test.context.support.AnnotationConfigContextLoaderUtils - Could not detect default configuration classes for test class [org.example.web.HelloControllerTest]: HelloControllerTest does not declare any static, non-private, non-final, nested classes annotated with @Configuration.
23:28:40.488 [Test worker] DEBUG org.springframework.test.context.support.ActiveProfilesUtils - Could not find an 'annotation declaring class' for annotation type [org.springframework.test.context.ActiveProfiles] and class [org.example.web.HelloControllerTest]
23:28:40.606 [Test worker] DEBUG org.springframework.context.annotation.ClassPathScanningCandidateComponentProvider - Identified candidate component class: file [C:\springboot_project\build\classes\java\main\org\example\Application.class]
23:28:40.607 [Test worker] INFO org.springframework.boot.test.context.SpringBootTestContextBootstrapper - Found @SpringBootConfiguration org.example.Application for test class org.example.web.HelloControllerTest
23:28:40.610 [Test worker] DEBUG org.springframework.boot.test.autoconfigure.web.servlet.WebMvcTestContextBootstrapper - @TestExecutionListeners is not present for class [org.example.web.HelloControllerTest]: using defaults.
23:28:40.612 [Test worker] INFO org.springframework.boot.test.autoconfigure.web.servlet.WebMvcTestContextBootstrapper - Loaded default TestExecutionListener class names from location [META-INF/spring.factories]: [org.springframework.security.test.context.support.WithSecurityContextTestExecutionListener, org.springframework.security.test.context.support.ReactorContextTestExecutionListener, org.springframework.boot.test.autoconfigure.restdocs.RestDocsTestExecutionListener, org.springframework.boot.test.autoconfigure.web.client.MockRestServiceServerResetTestExecutionListener, org.springframework.boot.test.autoconfigure.web.servlet.MockMvcPrintOnlyOnFailureTestExecutionListener, org.springframework.boot.test.autoconfigure.web.servlet.WebDriverTestExecutionListener, org.springframework.boot.test.mock.mockito.MockitoTestExecutionListener, org.springframework.boot.test.mock.mockito.ResetMocksTestExecutionListener, org.springframework.test.context.web.ServletTestExecutionListener, org.springframework.test.context.support.DirtiesContextBeforeModesTestExecutionListener, org.springframework.test.context.support.DependencyInjectionTestExecutionListener, org.springframework.test.context.support.DirtiesContextTestExecutionListener, org.springframework.test.context.transaction.TransactionalTestExecutionListener, org.springframework.test.context.jdbc.SqlScriptsTestExecutionListener]
23:28:40.661 [Test worker] INFO org.springframework.boot.test.autoconfigure.web.servlet.WebMvcTestContextBootstrapper - Using TestExecutionListeners: [org.springframework.test.context.web.ServletTestExecutionListener@5e34a2f2, org.springframework.test.context.support.DirtiesContextBeforeModesTestExecutionListener@1aee2e1c, org.springframework.boot.test.mock.mockito.MockitoTestExecutionListener@4d6bf0de, org.springframework.boot.test.autoconfigure.SpringBootDependencyInjectionTestExecutionListener@204996f9, org.springframework.test.context.support.DirtiesContextTestExecutionListener@5b918330, org.springframework.test.context.transaction.TransactionalTestExecutionListener@3064c890, org.springframework.test.context.jdbc.SqlScriptsTestExecutionListener@229b3342, org.springframework.security.test.context.support.WithSecurityContextTestExecutionListener@4e0987b6, org.springframework.security.test.context.support.ReactorContextTestExecutionListener@19d61544, org.springframework.boot.test.autoconfigure.restdocs.RestDocsTestExecutionListener@f606ea6, org.springframework.boot.test.autoconfigure.web.client.MockRestServiceServerResetTestExecutionListener@741a4d2b, org.springframework.boot.test.autoconfigure.web.servlet.MockMvcPrintOnlyOnFailureTestExecutionListener@76ac4029, org.springframework.boot.test.autoconfigure.web.servlet.WebDriverTestExecutionListener@5ff9178d, org.springframework.boot.test.mock.mockito.ResetMocksTestExecutionListener@53e0478a]
23:28:40.666 [Test worker] DEBUG org.springframework.test.annotation.ProfileValueUtils - Retrieved @ProfileValueSourceConfiguration [null] for test class [org.example.web.HelloControllerTest]
23:28:40.668 [Test worker] DEBUG org.springframework.test.annotation.ProfileValueUtils - Retrieved ProfileValueSource type [class org.springframework.test.annotation.SystemProfileValueSource] for class [org.example.web.HelloControllerTest]
23:28:40.669 [Test worker] DEBUG org.springframework.test.annotation.ProfileValueUtils - Retrieved @ProfileValueSourceConfiguration [null] for test class [org.example.web.HelloControllerTest]
23:28:40.669 [Test worker] DEBUG org.springframework.test.annotation.ProfileValueUtils - Retrieved ProfileValueSource type [class org.springframework.test.annotation.SystemProfileValueSource] for class [org.example.web.HelloControllerTest]
23:28:40.677 [Test worker] DEBUG org.springframework.test.context.support.AbstractDirtiesContextTestExecutionListener - Before test class: context [DefaultTestContext@546a09dd testClass = HelloControllerTest, testInstance = [null], testMethod = [null], testException = [null], mergedContextConfiguration = [WebMergedContextConfiguration@208a5bef testClass = HelloControllerTest, locations = '{}', classes = '{class org.example.Application}', contextInitializerClasses = '[]', activeProfiles = '{}', propertySourceLocations = '{}', propertySourceProperties = '{org.springframework.boot.test.autoconfigure.web.servlet.WebMvcTestContextBootstrapper=true}', contextCustomizers = set[org.springframework.boot.test.autoconfigure.OverrideAutoConfigurationContextCustomizerFactory$DisableAutoConfigurationContextCustomizer@72f834ab, org.springframework.boot.test.autoconfigure.filter.TypeExcludeFiltersContextCustomizer@27d3b6eb, org.springframework.boot.test.autoconfigure.properties.PropertyMappingContextCustomizer@ad86c02a, org.springframework.boot.test.autoconfigure.web.servlet.WebDriverContextCustomizerFactory$Customizer@2c98edba, [ImportsContextCustomizer@4710f0ce key = [org.springframework.boot.autoconfigure.cache.CacheAutoConfiguration, org.springframework.boot.autoconfigure.context.MessageSourceAutoConfiguration, org.springframework.boot.autoconfigure.data.web.SpringDataWebAutoConfiguration, org.springframework.boot.autoconfigure.freemarker.FreeMarkerAutoConfiguration, org.springframework.boot.autoconfigure.groovy.template.GroovyTemplateAutoConfiguration, org.springframework.boot.autoconfigure.gson.GsonAutoConfiguration, org.springframework.boot.autoconfigure.hateoas.HypermediaAutoConfiguration, org.springframework.boot.autoconfigure.http.HttpMessageConvertersAutoConfiguration, org.springframework.boot.autoconfigure.jackson.JacksonAutoConfiguration, org.springframework.boot.autoconfigure.jsonb.JsonbAutoConfiguration, org.springframework.boot.autoconfigure.mustache.MustacheAutoConfiguration, org.springframework.boot.autoconfigure.task.TaskExecutionAutoConfiguration, org.springframework.boot.autoconfigure.thymeleaf.ThymeleafAutoConfiguration, org.springframework.boot.autoconfigure.validation.ValidationAutoConfiguration, org.springframework.boot.autoconfigure.web.servlet.error.ErrorMvcAutoConfiguration, org.springframework.boot.autoconfigure.web.servlet.WebMvcAutoConfiguration, org.springframework.boot.test.autoconfigure.web.servlet.MockMvcAutoConfiguration, org.springframework.boot.test.autoconfigure.web.servlet.MockMvcSecurityAutoConfiguration, org.springframework.boot.test.autoconfigure.web.servlet.MockMvcWebClientAutoConfiguration, org.springframework.boot.test.autoconfigure.web.servlet.MockMvcWebDriverAutoConfiguration]], org.springframework.boot.test.context.filter.ExcludeFilterContextCustomizer@2a6ecbfa, org.springframework.boot.test.json.DuplicateJsonObjectContextCustomizerFactory$DuplicateJsonObjectContextCustomizer@45d55b9b, org.springframework.boot.test.mock.mockito.MockitoContextCustomizer@0], resourceBasePath = 'src/main/webapp', contextLoader = 'org.springframework.boot.test.context.SpringBootContextLoader', parent = [null]], attributes = map[[empty]]], class annotated with @DirtiesContext [false] with mode [null].
23:28:40.679 [Test worker] DEBUG org.springframework.test.annotation.ProfileValueUtils - Retrieved @ProfileValueSourceConfiguration [null] for test class [org.example.web.HelloControllerTest]
23:28:40.679 [Test worker] DEBUG org.springframework.test.annotation.ProfileValueUtils - Retrieved ProfileValueSource type [class org.springframework.test.annotation.SystemProfileValueSource] for class [org.example.web.HelloControllerTest]
23:28:40.683 [Test worker] DEBUG org.springframework.test.context.support.DependencyInjectionTestExecutionListener - Performing dependency injection for test context [[DefaultTestContext@546a09dd testClass = HelloControllerTest, testInstance = org.example.web.HelloControllerTest@28b15f7d, testMethod = [null], testException = [null], mergedContextConfiguration = [WebMergedContextConfiguration@208a5bef testClass = HelloControllerTest, locations = '{}', classes = '{class org.example.Application}', contextInitializerClasses = '[]', activeProfiles = '{}', propertySourceLocations = '{}', propertySourceProperties = '{org.springframework.boot.test.autoconfigure.web.servlet.WebMvcTestContextBootstrapper=true}', contextCustomizers = set[org.springframework.boot.test.autoconfigure.OverrideAutoConfigurationContextCustomizerFactory$DisableAutoConfigurationContextCustomizer@72f834ab, org.springframework.boot.test.autoconfigure.filter.TypeExcludeFiltersContextCustomizer@27d3b6eb, org.springframework.boot.test.autoconfigure.properties.PropertyMappingContextCustomizer@ad86c02a, org.springframework.boot.test.autoconfigure.web.servlet.WebDriverContextCustomizerFactory$Customizer@2c98edba, [ImportsContextCustomizer@4710f0ce key = [org.springframework.boot.autoconfigure.cache.CacheAutoConfiguration, org.springframework.boot.autoconfigure.context.MessageSourceAutoConfiguration, org.springframework.boot.autoconfigure.data.web.SpringDataWebAutoConfiguration, org.springframework.boot.autoconfigure.freemarker.FreeMarkerAutoConfiguration, org.springframework.boot.autoconfigure.groovy.template.GroovyTemplateAutoConfiguration, org.springframework.boot.autoconfigure.gson.GsonAutoConfiguration, org.springframework.boot.autoconfigure.hateoas.HypermediaAutoConfiguration, org.springframework.boot.autoconfigure.http.HttpMessageConvertersAutoConfiguration, org.springframework.boot.autoconfigure.jackson.JacksonAutoConfiguration, org.springframework.boot.autoconfigure.jsonb.JsonbAutoConfiguration, org.springframework.boot.autoconfigure.mustache.MustacheAutoConfiguration, org.springframework.boot.autoconfigure.task.TaskExecutionAutoConfiguration, org.springframework.boot.autoconfigure.thymeleaf.ThymeleafAutoConfiguration, org.springframework.boot.autoconfigure.validation.ValidationAutoConfiguration, org.springframework.boot.autoconfigure.web.servlet.error.ErrorMvcAutoConfiguration, org.springframework.boot.autoconfigure.web.servlet.WebMvcAutoConfiguration, org.springframework.boot.test.autoconfigure.web.servlet.MockMvcAutoConfiguration, org.springframework.boot.test.autoconfigure.web.servlet.MockMvcSecurityAutoConfiguration, org.springframework.boot.test.autoconfigure.web.servlet.MockMvcWebClientAutoConfiguration, org.springframework.boot.test.autoconfigure.web.servlet.MockMvcWebDriverAutoConfiguration]], org.springframework.boot.test.context.filter.ExcludeFilterContextCustomizer@2a6ecbfa, org.springframework.boot.test.json.DuplicateJsonObjectContextCustomizerFactory$DuplicateJsonObjectContextCustomizer@45d55b9b, org.springframework.boot.test.mock.mockito.MockitoContextCustomizer@0], resourceBasePath = 'src/main/webapp', contextLoader = 'org.springframework.boot.test.context.SpringBootContextLoader', parent = [null]], attributes = map[[empty]]]].
23:28:40.848 [Test worker] DEBUG org.springframework.test.context.support.TestPropertySourceUtils - Adding inlined properties to environment: {spring.jmx.enabled=false, org.springframework.boot.test.autoconfigure.web.servlet.WebMvcTestContextBootstrapper=true, server.port=-1}

  .   ____          _            __ _ _
 /\\ / ___'_ __ _ _(_)_ __  __ _ \ \ \ \
( ( )\___ | '_ | '_| | '_ \/ _` | \ \ \ \
 \\/  ___)| |_)| | | | | || (_| |  ) ) ) )
  '  |____| .__|_| |_|_| |_\__, | / / / /
 =========|_|==============|___/=/_/_/_/
 :: Spring Boot ::        (v2.1.9.RELEASE)

2022-03-19 23:28:41.421  INFO 21992 --- [    Test worker] org.example.web.HelloControllerTest      : Starting HelloControllerTest on DESKTOP-BDSRUF4 with PID 21992 (started by Hyunji in C:\springboot_project)
2022-03-19 23:28:41.423  INFO 21992 --- [    Test worker] org.example.web.HelloControllerTest      : The following profiles are active: oauth
2022-03-19 23:28:44.409  INFO 21992 --- [    Test worker] o.s.s.concurrent.ThreadPoolTaskExecutor  : Initializing ExecutorService 'applicationTaskExecutor'
2022-03-19 23:28:44.576  INFO 21992 --- [    Test worker] o.s.b.a.w.s.WelcomePageHandlerMapping    : Adding welcome page template: index
2022-03-19 23:28:45.462  INFO 21992 --- [    Test worker] .s.s.UserDetailsServiceAutoConfiguration : 

Using generated security password: 5cf34af1-6953-46d2-a7a5-229afdf9c99c

2022-03-19 23:28:45.862  INFO 21992 --- [    Test worker] o.s.s.web.DefaultSecurityFilterChain     : Creating filter chain: any request, [org.springframework.security.web.context.request.async.WebAsyncManagerIntegrationFilter@1bc10720, org.springframework.security.web.context.SecurityContextPersistenceFilter@7bf30e58, org.springframework.security.web.header.HeaderWriterFilter@7eed70e4, org.springframework.security.web.csrf.CsrfFilter@2cda0027, org.springframework.security.web.authentication.logout.LogoutFilter@1ae9345a, org.springframework.security.web.authentication.UsernamePasswordAuthenticationFilter@14c181e2, org.springframework.security.web.authentication.ui.DefaultLoginPageGeneratingFilter@398a754a, org.springframework.security.web.authentication.ui.DefaultLogoutPageGeneratingFilter@3fb33820, org.springframework.security.web.authentication.www.BasicAuthenticationFilter@2dcafca8, org.springframework.security.web.savedrequest.RequestCacheAwareFilter@535b0946, org.springframework.security.web.servletapi.SecurityContextHolderAwareRequestFilter@2ecb0292, org.springframework.security.web.authentication.AnonymousAuthenticationFilter@71aa083a, org.springframework.security.web.session.SessionManagementFilter@704b4f7b, org.springframework.security.web.access.ExceptionTranslationFilter@5faf09c0, org.springframework.security.web.access.intercept.FilterSecurityInterceptor@47ddc947]
2022-03-19 23:28:45.971  INFO 21992 --- [    Test worker] o.s.b.t.m.w.SpringBootMockServletContext : Initializing Spring TestDispatcherServlet ''
2022-03-19 23:28:45.971  INFO 21992 --- [    Test worker] o.s.t.web.servlet.TestDispatcherServlet  : Initializing Servlet ''
2022-03-19 23:28:46.025  INFO 21992 --- [    Test worker] o.s.t.web.servlet.TestDispatcherServlet  : Completed initialization in 53 ms
2022-03-19 23:28:46.161  INFO 21992 --- [    Test worker] org.example.web.HelloControllerTest      : Started HelloControllerTest in 5.297 seconds (JVM running for 7.55)
]]></system-out>
  <system-err><![CDATA[]]></system-err>
</testsuite>
