<?xml version="1.0" encoding="UTF-8"?>
<testsuite name="org.example.web.IndexControllerTest" tests="1" skipped="0" failures="0" errors="0" timestamp="2022-03-19T14:29:02" hostname="DESKTOP-BDSRUF4" time="0.459">
  <properties/>
  <testcase name="메인페이지_로딩" classname="org.example.web.IndexControllerTest" time="0.459"/>
  <system-out><![CDATA[2022-03-19 23:28:56.924  INFO 21992 --- [    Test worker] .b.t.c.SpringBootTestContextBootstrapper : Neither @ContextConfiguration nor @ContextHierarchy found for test class [org.example.web.IndexControllerTest], using SpringBootContextLoader
2022-03-19 23:28:56.927  INFO 21992 --- [    Test worker] o.s.t.c.support.AbstractContextLoader    : Could not detect default resource locations for test class [org.example.web.IndexControllerTest]: no resource found for suffixes {-context.xml, Context.groovy}.
2022-03-19 23:28:56.928  INFO 21992 --- [    Test worker] t.c.s.AnnotationConfigContextLoaderUtils : Could not detect default configuration classes for test class [org.example.web.IndexControllerTest]: IndexControllerTest does not declare any static, non-private, non-final, nested classes annotated with @Configuration.
2022-03-19 23:28:56.932  INFO 21992 --- [    Test worker] .b.t.c.SpringBootTestContextBootstrapper : Found @SpringBootConfiguration org.example.Application for test class org.example.web.IndexControllerTest
2022-03-19 23:28:56.935  INFO 21992 --- [    Test worker] .b.t.c.SpringBootTestContextBootstrapper : Loaded default TestExecutionListener class names from location [META-INF/spring.factories]: [org.springframework.security.test.context.support.WithSecurityContextTestExecutionListener, org.springframework.security.test.context.support.ReactorContextTestExecutionListener, org.springframework.boot.test.autoconfigure.restdocs.RestDocsTestExecutionListener, org.springframework.boot.test.autoconfigure.web.client.MockRestServiceServerResetTestExecutionListener, org.springframework.boot.test.autoconfigure.web.servlet.MockMvcPrintOnlyOnFailureTestExecutionListener, org.springframework.boot.test.autoconfigure.web.servlet.WebDriverTestExecutionListener, org.springframework.boot.test.mock.mockito.MockitoTestExecutionListener, org.springframework.boot.test.mock.mockito.ResetMocksTestExecutionListener, org.springframework.test.context.web.ServletTestExecutionListener, org.springframework.test.context.support.DirtiesContextBeforeModesTestExecutionListener, org.springframework.test.context.support.DependencyInjectionTestExecutionListener, org.springframework.test.context.support.DirtiesContextTestExecutionListener, org.springframework.test.context.transaction.TransactionalTestExecutionListener, org.springframework.test.context.jdbc.SqlScriptsTestExecutionListener]
2022-03-19 23:28:56.937  INFO 21992 --- [    Test worker] .b.t.c.SpringBootTestContextBootstrapper : Using TestExecutionListeners: [org.springframework.test.context.web.ServletTestExecutionListener@5936a45e, org.springframework.test.context.support.DirtiesContextBeforeModesTestExecutionListener@6ee6f376, org.springframework.boot.test.mock.mockito.MockitoTestExecutionListener@354d7e76, org.springframework.boot.test.autoconfigure.SpringBootDependencyInjectionTestExecutionListener@63f693d2, org.springframework.test.context.support.DirtiesContextTestExecutionListener@f0edfa6, org.springframework.test.context.transaction.TransactionalTestExecutionListener@56aaf072, org.springframework.test.context.jdbc.SqlScriptsTestExecutionListener@8ca8a1f, org.springframework.security.test.context.support.WithSecurityContextTestExecutionListener@5f75f0d7, org.springframework.security.test.context.support.ReactorContextTestExecutionListener@267fe770, org.springframework.boot.test.autoconfigure.restdocs.RestDocsTestExecutionListener@2757baad, org.springframework.boot.test.autoconfigure.web.client.MockRestServiceServerResetTestExecutionListener@7b11462a, org.springframework.boot.test.autoconfigure.web.servlet.MockMvcPrintOnlyOnFailureTestExecutionListener@b12f2d7, org.springframework.boot.test.autoconfigure.web.servlet.WebDriverTestExecutionListener@520fc0a2, org.springframework.boot.test.mock.mockito.ResetMocksTestExecutionListener@48978a9c]

  .   ____          _            __ _ _
 /\\ / ___'_ __ _ _(_)_ __  __ _ \ \ \ \
( ( )\___ | '_ | '_| | '_ \/ _` | \ \ \ \
 \\/  ___)| |_)| | | | | || (_| |  ) ) ) )
  '  |____| .__|_| |_|_| |_\__, | / / / /
 =========|_|==============|___/=/_/_/_/
 :: Spring Boot ::        (v2.1.9.RELEASE)

2022-03-19 23:28:57.065  INFO 21992 --- [    Test worker] org.example.web.IndexControllerTest      : Starting IndexControllerTest on DESKTOP-BDSRUF4 with PID 21992 (started by Hyunji in C:\springboot_project)
2022-03-19 23:28:57.066  INFO 21992 --- [    Test worker] org.example.web.IndexControllerTest      : The following profiles are active: oauth
2022-03-19 23:28:57.588  INFO 21992 --- [    Test worker] .s.d.r.c.RepositoryConfigurationDelegate : Bootstrapping Spring Data repositories in DEFAULT mode.
2022-03-19 23:28:57.641  INFO 21992 --- [    Test worker] .s.d.r.c.RepositoryConfigurationDelegate : Finished Spring Data repository scanning in 52ms. Found 2 repository interfaces.
2022-03-19 23:28:57.913  INFO 21992 --- [    Test worker] trationDelegate$BeanPostProcessorChecker : Bean 'org.springframework.transaction.annotation.ProxyTransactionManagementConfiguration' of type [org.springframework.transaction.annotation.ProxyTransactionManagementConfiguration$$EnhancerBySpringCGLIB$$950ae534] is not eligible for getting processed by all BeanPostProcessors (for example: not eligible for auto-proxying)
2022-03-19 23:28:58.678  INFO 21992 --- [    Test worker] o.s.b.w.embedded.tomcat.TomcatWebServer  : Tomcat initialized with port(s): 0 (http)
2022-03-19 23:28:58.758  INFO 21992 --- [    Test worker] o.apache.catalina.core.StandardService   : Starting service [Tomcat]
2022-03-19 23:28:58.759  INFO 21992 --- [    Test worker] org.apache.catalina.core.StandardEngine  : Starting Servlet engine: [Apache Tomcat/9.0.26]
2022-03-19 23:28:59.123  INFO 21992 --- [    Test worker] o.a.c.c.C.[Tomcat].[localhost].[/]       : Initializing Spring embedded WebApplicationContext
2022-03-19 23:28:59.124  INFO 21992 --- [    Test worker] o.s.web.context.ContextLoader            : Root WebApplicationContext: initialization completed in 2047 ms
2022-03-19 23:28:59.555  INFO 21992 --- [    Test worker] com.zaxxer.hikari.HikariDataSource       : HikariPool-2 - Starting...
2022-03-19 23:28:59.559  INFO 21992 --- [    Test worker] com.zaxxer.hikari.HikariDataSource       : HikariPool-2 - Start completed.
2022-03-19 23:28:59.652  INFO 21992 --- [    Test worker] o.hibernate.jpa.internal.util.LogHelper  : HHH000204: Processing PersistenceUnitInfo [
	name: default
	...]
2022-03-19 23:28:59.688  INFO 21992 --- [    Test worker] org.hibernate.dialect.Dialect            : HHH000400: Using dialect: org.hibernate.dialect.MySQL5Dialect
Hibernate: drop table if exists posts
Hibernate: drop table if exists user
Hibernate: create table posts (id bigint not null auto_increment, created_date datetime, modified_date datetime, author varchar(255), content TEXT not null, title varchar(500) not null, primary key (id)) engine=MyISAM
Hibernate: create table user (id bigint not null auto_increment, created_date datetime, modified_date datetime, email varchar(255) not null, name varchar(255) not null, picture varchar(255), role varchar(255) not null, primary key (id)) engine=MyISAM
2022-03-19 23:28:59.897  INFO 21992 --- [    Test worker] o.h.t.schema.internal.SchemaCreatorImpl  : HHH000476: Executing import script 'org.hibernate.tool.schema.internal.exec.ScriptSourceInputNonExistentImpl@6467bc74'
2022-03-19 23:28:59.899  INFO 21992 --- [    Test worker] j.LocalContainerEntityManagerFactoryBean : Initialized JPA EntityManagerFactory for persistence unit 'default'
2022-03-19 23:29:00.894  INFO 21992 --- [    Test worker] o.h.h.i.QueryTranslatorFactoryInitiator  : HHH000397: Using ASTQueryTranslatorFactory
2022-03-19 23:29:01.238  INFO 21992 --- [    Test worker] o.s.s.web.DefaultSecurityFilterChain     : Creating filter chain: any request, [org.springframework.security.web.context.request.async.WebAsyncManagerIntegrationFilter@4e45cb73, org.springframework.security.web.context.SecurityContextPersistenceFilter@396744d9, org.springframework.security.web.header.HeaderWriterFilter@6a65b44f, org.springframework.security.web.authentication.logout.LogoutFilter@5feb20e4, org.springframework.security.oauth2.client.web.OAuth2AuthorizationRequestRedirectFilter@de5041c, org.springframework.security.oauth2.client.web.OAuth2LoginAuthenticationFilter@3547097d, org.springframework.security.web.authentication.ui.DefaultLoginPageGeneratingFilter@5ca9e624, org.springframework.security.web.authentication.ui.DefaultLogoutPageGeneratingFilter@7841aaf6, org.springframework.security.web.savedrequest.RequestCacheAwareFilter@3c1f312a, org.springframework.security.web.servletapi.SecurityContextHolderAwareRequestFilter@7b1f3d2a, org.springframework.security.web.authentication.AnonymousAuthenticationFilter@5d219406, org.springframework.security.web.session.SessionManagementFilter@47bc15b8, org.springframework.security.web.access.ExceptionTranslationFilter@19038fd0, org.springframework.security.web.access.intercept.FilterSecurityInterceptor@25a27207]
2022-03-19 23:29:01.610  INFO 21992 --- [    Test worker] o.s.s.concurrent.ThreadPoolTaskExecutor  : Initializing ExecutorService 'applicationTaskExecutor'
2022-03-19 23:29:01.631  WARN 21992 --- [    Test worker] aWebConfiguration$JpaWebMvcConfiguration : spring.jpa.open-in-view is enabled by default. Therefore, database queries may be performed during view rendering. Explicitly configure spring.jpa.open-in-view to disable this warning
2022-03-19 23:29:01.685  INFO 21992 --- [    Test worker] o.s.b.a.w.s.WelcomePageHandlerMapping    : Adding welcome page template: index
2022-03-19 23:29:02.222  INFO 21992 --- [    Test worker] s.a.ScheduledAnnotationBeanPostProcessor : No TaskScheduler/ScheduledExecutorService bean found for scheduled processing
2022-03-19 23:29:02.269  INFO 21992 --- [    Test worker] o.s.b.w.embedded.tomcat.TomcatWebServer  : Tomcat started on port(s): 59935 (http) with context path ''
2022-03-19 23:29:02.271  INFO 21992 --- [    Test worker] org.example.web.IndexControllerTest      : Started IndexControllerTest in 5.33 seconds (JVM running for 23.661)
2022-03-19 23:29:02.496  INFO 21992 --- [o-auto-1-exec-1] o.a.c.c.C.[Tomcat].[localhost].[/]       : Initializing Spring DispatcherServlet 'dispatcherServlet'
2022-03-19 23:29:02.498  INFO 21992 --- [o-auto-1-exec-1] o.s.web.servlet.DispatcherServlet        : Initializing Servlet 'dispatcherServlet'
2022-03-19 23:29:02.555  INFO 21992 --- [o-auto-1-exec-1] o.s.web.servlet.DispatcherServlet        : Completed initialization in 57 ms
Hibernate: select posts0_.id as id1_0_, posts0_.created_date as created_2_0_, posts0_.modified_date as modified3_0_, posts0_.author as author4_0_, posts0_.content as content5_0_, posts0_.title as title6_0_ from posts posts0_ order by posts0_.id DESC
]]></system-out>
  <system-err><![CDATA[]]></system-err>
</testsuite>
