<?xml version="1.0" encoding="UTF-8"?>
<testsuite name="org.example.web.HelloControllerTest" tests="2" skipped="0" failures="0" errors="0" timestamp="2022-04-07T08:18:02" hostname="DESKTOP-BDSRUF4" time="0.416">
  <properties/>
  <testcase name="hello_리턴_Test" classname="org.example.web.HelloControllerTest" time="0.164"/>
  <testcase name="helloDto_리턴_Test" classname="org.example.web.HelloControllerTest" time="0.251"/>
  <system-out><![CDATA[2022-04-07 17:17:59.317  INFO 26188 --- [    Test worker] .b.t.a.w.s.WebMvcTestContextBootstrapper : Neither @ContextConfiguration nor @ContextHierarchy found for test class [org.example.web.HelloControllerTest], using SpringBootContextLoader
2022-04-07 17:17:59.319  INFO 26188 --- [    Test worker] o.s.t.c.support.AbstractContextLoader    : Could not detect default resource locations for test class [org.example.web.HelloControllerTest]: no resource found for suffixes {-context.xml, Context.groovy}.
2022-04-07 17:17:59.320  INFO 26188 --- [    Test worker] t.c.s.AnnotationConfigContextLoaderUtils : Could not detect default configuration classes for test class [org.example.web.HelloControllerTest]: HelloControllerTest does not declare any static, non-private, non-final, nested classes annotated with @Configuration.
2022-04-07 17:17:59.428  INFO 26188 --- [    Test worker] .b.t.c.SpringBootTestContextBootstrapper : Found @SpringBootConfiguration org.example.Application for test class org.example.web.HelloControllerTest
2022-04-07 17:17:59.430  INFO 26188 --- [    Test worker] .b.t.a.w.s.WebMvcTestContextBootstrapper : Loaded default TestExecutionListener class names from location [META-INF/spring.factories]: [org.springframework.security.test.context.support.WithSecurityContextTestExecutionListener, org.springframework.security.test.context.support.ReactorContextTestExecutionListener, org.springframework.boot.test.autoconfigure.restdocs.RestDocsTestExecutionListener, org.springframework.boot.test.autoconfigure.web.client.MockRestServiceServerResetTestExecutionListener, org.springframework.boot.test.autoconfigure.web.servlet.MockMvcPrintOnlyOnFailureTestExecutionListener, org.springframework.boot.test.autoconfigure.web.servlet.WebDriverTestExecutionListener, org.springframework.boot.test.mock.mockito.MockitoTestExecutionListener, org.springframework.boot.test.mock.mockito.ResetMocksTestExecutionListener, org.springframework.test.context.web.ServletTestExecutionListener, org.springframework.test.context.support.DirtiesContextBeforeModesTestExecutionListener, org.springframework.test.context.support.DependencyInjectionTestExecutionListener, org.springframework.test.context.support.DirtiesContextTestExecutionListener, org.springframework.test.context.transaction.TransactionalTestExecutionListener, org.springframework.test.context.jdbc.SqlScriptsTestExecutionListener]
2022-04-07 17:17:59.434  INFO 26188 --- [    Test worker] .b.t.a.w.s.WebMvcTestContextBootstrapper : Using TestExecutionListeners: [org.springframework.test.context.web.ServletTestExecutionListener@30aa1f00, org.springframework.test.context.support.DirtiesContextBeforeModesTestExecutionListener@12368960, org.springframework.boot.test.mock.mockito.MockitoTestExecutionListener@6ec0ca3a, org.springframework.boot.test.autoconfigure.SpringBootDependencyInjectionTestExecutionListener@36dfdc04, org.springframework.test.context.support.DirtiesContextTestExecutionListener@566d97c0, org.springframework.test.context.transaction.TransactionalTestExecutionListener@703679e4, org.springframework.test.context.jdbc.SqlScriptsTestExecutionListener@184fecc2, org.springframework.security.test.context.support.WithSecurityContextTestExecutionListener@50b82c33, org.springframework.security.test.context.support.ReactorContextTestExecutionListener@6ad17273, org.springframework.boot.test.autoconfigure.restdocs.RestDocsTestExecutionListener@296bdf94, org.springframework.boot.test.autoconfigure.web.client.MockRestServiceServerResetTestExecutionListener@4e250f87, org.springframework.boot.test.autoconfigure.web.servlet.MockMvcPrintOnlyOnFailureTestExecutionListener@5fed6bc4, org.springframework.boot.test.autoconfigure.web.servlet.WebDriverTestExecutionListener@3e4ec8a0, org.springframework.boot.test.mock.mockito.ResetMocksTestExecutionListener@49ae3782]

  .   ____          _            __ _ _
 /\\ / ___'_ __ _ _(_)_ __  __ _ \ \ \ \
( ( )\___ | '_ | '_| | '_ \/ _` | \ \ \ \
 \\/  ___)| |_)| | | | | || (_| |  ) ) ) )
  '  |____| .__|_| |_|_| |_\__, | / / / /
 =========|_|==============|___/=/_/_/_/
 :: Spring Boot ::        (v2.1.9.RELEASE)

2022-04-07 17:17:59.657  INFO 26188 --- [    Test worker] org.example.web.HelloControllerTest      : Starting HelloControllerTest on DESKTOP-BDSRUF4 with PID 26188 (started by Hyunji in C:\springboot_project)
2022-04-07 17:17:59.658  INFO 26188 --- [    Test worker] org.example.web.HelloControllerTest      : The following profiles are active: oauth
2022-04-07 17:18:01.236  INFO 26188 --- [    Test worker] o.s.s.concurrent.ThreadPoolTaskExecutor  : Initializing ExecutorService 'applicationTaskExecutor'
2022-04-07 17:18:01.310  INFO 26188 --- [    Test worker] o.s.b.a.w.s.WelcomePageHandlerMapping    : Adding welcome page template: index
2022-04-07 17:18:01.708  INFO 26188 --- [    Test worker] .s.s.UserDetailsServiceAutoConfiguration : 

Using generated security password: d171f573-7f0f-4200-a18e-6cd01ea03d7b

2022-04-07 17:18:01.984  INFO 26188 --- [    Test worker] o.s.s.web.DefaultSecurityFilterChain     : Creating filter chain: any request, [org.springframework.security.web.context.request.async.WebAsyncManagerIntegrationFilter@5c1871e6, org.springframework.security.web.context.SecurityContextPersistenceFilter@30aae2c0, org.springframework.security.web.header.HeaderWriterFilter@2e740d83, org.springframework.security.web.csrf.CsrfFilter@72f2b067, org.springframework.security.web.authentication.logout.LogoutFilter@a4bd07c, org.springframework.security.web.authentication.UsernamePasswordAuthenticationFilter@50c8729b, org.springframework.security.web.authentication.ui.DefaultLoginPageGeneratingFilter@53d730cd, org.springframework.security.web.authentication.ui.DefaultLogoutPageGeneratingFilter@7f60e2e5, org.springframework.security.web.authentication.www.BasicAuthenticationFilter@3e4e28c2, org.springframework.security.web.savedrequest.RequestCacheAwareFilter@370a2ca, org.springframework.security.web.servletapi.SecurityContextHolderAwareRequestFilter@d66af32, org.springframework.security.web.authentication.AnonymousAuthenticationFilter@30a7ddf3, org.springframework.security.web.session.SessionManagementFilter@4962e1a2, org.springframework.security.web.access.ExceptionTranslationFilter@32903f20, org.springframework.security.web.access.intercept.FilterSecurityInterceptor@369b9920]
2022-04-07 17:18:02.072  INFO 26188 --- [    Test worker] o.s.b.t.m.w.SpringBootMockServletContext : Initializing Spring TestDispatcherServlet ''
2022-04-07 17:18:02.073  INFO 26188 --- [    Test worker] o.s.t.web.servlet.TestDispatcherServlet  : Initializing Servlet ''
2022-04-07 17:18:02.111  INFO 26188 --- [    Test worker] o.s.t.web.servlet.TestDispatcherServlet  : Completed initialization in 38 ms
2022-04-07 17:18:02.176  INFO 26188 --- [    Test worker] org.example.web.HelloControllerTest      : Started HelloControllerTest in 2.734 seconds (JVM running for 22.388)
]]></system-out>
  <system-err><![CDATA[]]></system-err>
</testsuite>
