<?xml version="1.0" encoding="UTF-8"?>
<testsuite name="org.example.web.dto.HelloResponseDtoTest" tests="1" skipped="0" failures="0" errors="0" timestamp="2022-04-05T01:30:04" hostname="DESKTOP-BDSRUF4" time="0.006">
  <properties/>
  <testcase name="lombokTest" classname="org.example.web.dto.HelloResponseDtoTest" time="0.006"/>
  <system-out><![CDATA[]]></system-out>
  <system-err><![CDATA[]]></system-err>
</testsuite>
