<?xml version="1.0" encoding="UTF-8"?>
<testsuite name="org.example.domain.posts.PostRepositoryTest" tests="2" skipped="0" failures="0" errors="0" timestamp="2022-04-07T08:17:58" hostname="DESKTOP-BDSRUF4" time="0.805">
  <properties/>
  <testcase name="게시글저장_불러오기" classname="org.example.domain.posts.PostRepositoryTest" time="0.768"/>
  <testcase name="BaseTimeEntity_등록" classname="org.example.domain.posts.PostRepositoryTest" time="0.036"/>
  <system-out><![CDATA[17:17:42.308 [Test worker] DEBUG org.springframework.test.context.junit4.SpringJUnit4ClassRunner - SpringJUnit4ClassRunner constructor called with [class org.example.domain.posts.PostRepositoryTest]
17:17:42.325 [Test worker] DEBUG org.springframework.test.context.BootstrapUtils - Instantiating CacheAwareContextLoaderDelegate from class [org.springframework.test.context.cache.DefaultCacheAwareContextLoaderDelegate]
17:17:42.347 [Test worker] DEBUG org.springframework.test.context.BootstrapUtils - Instantiating BootstrapContext using constructor [public org.springframework.test.context.support.DefaultBootstrapContext(java.lang.Class,org.springframework.test.context.CacheAwareContextLoaderDelegate)]
17:17:42.384 [Test worker] DEBUG org.springframework.test.context.BootstrapUtils - Instantiating TestContextBootstrapper for test class [org.example.domain.posts.PostRepositoryTest] from class [org.springframework.boot.test.context.SpringBootTestContextBootstrapper]
17:17:42.431 [Test worker] INFO org.springframework.boot.test.context.SpringBootTestContextBootstrapper - Neither @ContextConfiguration nor @ContextHierarchy found for test class [org.example.domain.posts.PostRepositoryTest], using SpringBootContextLoader
17:17:42.437 [Test worker] DEBUG org.springframework.test.context.support.AbstractContextLoader - Did not detect default resource location for test class [org.example.domain.posts.PostRepositoryTest]: class path resource [org/example/domain/posts/PostRepositoryTest-context.xml] does not exist
17:17:42.439 [Test worker] DEBUG org.springframework.test.context.support.AbstractContextLoader - Did not detect default resource location for test class [org.example.domain.posts.PostRepositoryTest]: class path resource [org/example/domain/posts/PostRepositoryTestContext.groovy] does not exist
17:17:42.440 [Test worker] INFO org.springframework.test.context.support.AbstractContextLoader - Could not detect default resource locations for test class [org.example.domain.posts.PostRepositoryTest]: no resource found for suffixes {-context.xml, Context.groovy}.
17:17:42.443 [Test worker] INFO org.springframework.test.context.support.AnnotationConfigContextLoaderUtils - Could not detect default configuration classes for test class [org.example.domain.posts.PostRepositoryTest]: PostRepositoryTest does not declare any static, non-private, non-final, nested classes annotated with @Configuration.
17:17:42.526 [Test worker] DEBUG org.springframework.test.context.support.ActiveProfilesUtils - Could not find an 'annotation declaring class' for annotation type [org.springframework.test.context.ActiveProfiles] and class [org.example.domain.posts.PostRepositoryTest]
17:17:42.693 [Test worker] DEBUG org.springframework.context.annotation.ClassPathScanningCandidateComponentProvider - Identified candidate component class: file [C:\springboot_project\build\classes\java\main\org\example\Application.class]
17:17:42.696 [Test worker] INFO org.springframework.boot.test.context.SpringBootTestContextBootstrapper - Found @SpringBootConfiguration org.example.Application for test class org.example.domain.posts.PostRepositoryTest
17:17:42.931 [Test worker] DEBUG org.springframework.boot.test.context.SpringBootTestContextBootstrapper - @TestExecutionListeners is not present for class [org.example.domain.posts.PostRepositoryTest]: using defaults.
17:17:42.933 [Test worker] INFO org.springframework.boot.test.context.SpringBootTestContextBootstrapper - Loaded default TestExecutionListener class names from location [META-INF/spring.factories]: [org.springframework.security.test.context.support.WithSecurityContextTestExecutionListener, org.springframework.security.test.context.support.ReactorContextTestExecutionListener, org.springframework.boot.test.autoconfigure.restdocs.RestDocsTestExecutionListener, org.springframework.boot.test.autoconfigure.web.client.MockRestServiceServerResetTestExecutionListener, org.springframework.boot.test.autoconfigure.web.servlet.MockMvcPrintOnlyOnFailureTestExecutionListener, org.springframework.boot.test.autoconfigure.web.servlet.WebDriverTestExecutionListener, org.springframework.boot.test.mock.mockito.MockitoTestExecutionListener, org.springframework.boot.test.mock.mockito.ResetMocksTestExecutionListener, org.springframework.test.context.web.ServletTestExecutionListener, org.springframework.test.context.support.DirtiesContextBeforeModesTestExecutionListener, org.springframework.test.context.support.DependencyInjectionTestExecutionListener, org.springframework.test.context.support.DirtiesContextTestExecutionListener, org.springframework.test.context.transaction.TransactionalTestExecutionListener, org.springframework.test.context.jdbc.SqlScriptsTestExecutionListener]
17:17:42.991 [Test worker] INFO org.springframework.boot.test.context.SpringBootTestContextBootstrapper - Using TestExecutionListeners: [org.springframework.test.context.web.ServletTestExecutionListener@17bf0a77, org.springframework.test.context.support.DirtiesContextBeforeModesTestExecutionListener@63f61790, org.springframework.boot.test.mock.mockito.MockitoTestExecutionListener@41ceb45a, org.springframework.boot.test.autoconfigure.SpringBootDependencyInjectionTestExecutionListener@3da823a5, org.springframework.test.context.support.DirtiesContextTestExecutionListener@52ab7ad5, org.springframework.test.context.transaction.TransactionalTestExecutionListener@1b2bd87, org.springframework.test.context.jdbc.SqlScriptsTestExecutionListener@356aa58f, org.springframework.security.test.context.support.WithSecurityContextTestExecutionListener@49a31d8c, org.springframework.security.test.context.support.ReactorContextTestExecutionListener@4057bbbf, org.springframework.boot.test.autoconfigure.restdocs.RestDocsTestExecutionListener@541d78b7, org.springframework.boot.test.autoconfigure.web.client.MockRestServiceServerResetTestExecutionListener@343bf966, org.springframework.boot.test.autoconfigure.web.servlet.MockMvcPrintOnlyOnFailureTestExecutionListener@6525dd10, org.springframework.boot.test.autoconfigure.web.servlet.WebDriverTestExecutionListener@18d20848, org.springframework.boot.test.mock.mockito.ResetMocksTestExecutionListener@27350325]
17:17:42.998 [Test worker] DEBUG org.springframework.test.annotation.ProfileValueUtils - Retrieved @ProfileValueSourceConfiguration [null] for test class [org.example.domain.posts.PostRepositoryTest]
17:17:43.001 [Test worker] DEBUG org.springframework.test.annotation.ProfileValueUtils - Retrieved ProfileValueSource type [class org.springframework.test.annotation.SystemProfileValueSource] for class [org.example.domain.posts.PostRepositoryTest]
17:17:43.004 [Test worker] DEBUG org.springframework.test.annotation.ProfileValueUtils - Retrieved @ProfileValueSourceConfiguration [null] for test class [org.example.domain.posts.PostRepositoryTest]
17:17:43.005 [Test worker] DEBUG org.springframework.test.annotation.ProfileValueUtils - Retrieved ProfileValueSource type [class org.springframework.test.annotation.SystemProfileValueSource] for class [org.example.domain.posts.PostRepositoryTest]
17:17:43.016 [Test worker] DEBUG org.springframework.test.context.support.AbstractDirtiesContextTestExecutionListener - Before test class: context [DefaultTestContext@15475111 testClass = PostRepositoryTest, testInstance = [null], testMethod = [null], testException = [null], mergedContextConfiguration = [WebMergedContextConfiguration@449f400f testClass = PostRepositoryTest, locations = '{}', classes = '{class org.example.Application}', contextInitializerClasses = '[]', activeProfiles = '{}', propertySourceLocations = '{}', propertySourceProperties = '{org.springframework.boot.test.context.SpringBootTestContextBootstrapper=true}', contextCustomizers = set[org.springframework.boot.test.autoconfigure.properties.PropertyMappingContextCustomizer@0, org.springframework.boot.test.autoconfigure.web.servlet.WebDriverContextCustomizerFactory$Customizer@bb29586, org.springframework.boot.test.context.filter.ExcludeFilterContextCustomizer@71e0340f, org.springframework.boot.test.json.DuplicateJsonObjectContextCustomizerFactory$DuplicateJsonObjectContextCustomizer@498b25bd, org.springframework.boot.test.mock.mockito.MockitoContextCustomizer@0, org.springframework.boot.test.web.client.TestRestTemplateContextCustomizer@2a9903e8], resourceBasePath = 'src/main/webapp', contextLoader = 'org.springframework.boot.test.context.SpringBootContextLoader', parent = [null]], attributes = map['org.springframework.test.context.web.ServletTestExecutionListener.activateListener' -> true]], class annotated with @DirtiesContext [false] with mode [null].
17:17:43.019 [Test worker] DEBUG org.springframework.test.annotation.ProfileValueUtils - Retrieved @ProfileValueSourceConfiguration [null] for test class [org.example.domain.posts.PostRepositoryTest]
17:17:43.019 [Test worker] DEBUG org.springframework.test.annotation.ProfileValueUtils - Retrieved ProfileValueSource type [class org.springframework.test.annotation.SystemProfileValueSource] for class [org.example.domain.posts.PostRepositoryTest]
17:17:43.070 [Test worker] DEBUG org.springframework.test.context.support.TestPropertySourceUtils - Adding inlined properties to environment: {spring.jmx.enabled=false, org.springframework.boot.test.context.SpringBootTestContextBootstrapper=true, server.port=-1}

  .   ____          _            __ _ _
 /\\ / ___'_ __ _ _(_)_ __  __ _ \ \ \ \
( ( )\___ | '_ | '_| | '_ \/ _` | \ \ \ \
 \\/  ___)| |_)| | | | | || (_| |  ) ) ) )
  '  |____| .__|_| |_|_| |_\__, | / / / /
 =========|_|==============|___/=/_/_/_/
 :: Spring Boot ::        (v2.1.9.RELEASE)

2022-04-07 17:17:43.749  INFO 26188 --- [    Test worker] o.e.domain.posts.PostRepositoryTest      : Starting PostRepositoryTest on DESKTOP-BDSRUF4 with PID 26188 (started by Hyunji in C:\springboot_project)
2022-04-07 17:17:43.752  INFO 26188 --- [    Test worker] o.e.domain.posts.PostRepositoryTest      : The following profiles are active: oauth
2022-04-07 17:17:46.153  INFO 26188 --- [    Test worker] .s.d.r.c.RepositoryConfigurationDelegate : Bootstrapping Spring Data repositories in DEFAULT mode.
2022-04-07 17:17:46.313  INFO 26188 --- [    Test worker] .s.d.r.c.RepositoryConfigurationDelegate : Finished Spring Data repository scanning in 138ms. Found 2 repository interfaces.
2022-04-07 17:17:47.832  INFO 26188 --- [    Test worker] trationDelegate$BeanPostProcessorChecker : Bean 'org.springframework.transaction.annotation.ProxyTransactionManagementConfiguration' of type [org.springframework.transaction.annotation.ProxyTransactionManagementConfiguration$$EnhancerBySpringCGLIB$$75cb34df] is not eligible for getting processed by all BeanPostProcessors (for example: not eligible for auto-proxying)
2022-04-07 17:17:48.645  INFO 26188 --- [    Test worker] com.zaxxer.hikari.HikariDataSource       : HikariPool-1 - Starting...
2022-04-07 17:17:49.007  INFO 26188 --- [    Test worker] com.zaxxer.hikari.HikariDataSource       : HikariPool-1 - Start completed.
2022-04-07 17:17:49.232  INFO 26188 --- [    Test worker] o.hibernate.jpa.internal.util.LogHelper  : HHH000204: Processing PersistenceUnitInfo [
	name: default
	...]
2022-04-07 17:17:49.417  INFO 26188 --- [    Test worker] org.hibernate.Version                    : HHH000412: Hibernate Core {5.3.12.Final}
2022-04-07 17:17:49.422  INFO 26188 --- [    Test worker] org.hibernate.cfg.Environment            : HHH000206: hibernate.properties not found
2022-04-07 17:17:49.746  INFO 26188 --- [    Test worker] o.hibernate.annotations.common.Version   : HCANN000001: Hibernate Commons Annotations {5.0.4.Final}
2022-04-07 17:17:50.185  INFO 26188 --- [    Test worker] org.hibernate.dialect.Dialect            : HHH000400: Using dialect: org.hibernate.dialect.MySQL5Dialect
Hibernate: drop table if exists posts
Hibernate: drop table if exists user
Hibernate: create table posts (id bigint not null auto_increment, created_date datetime, modified_date datetime, author varchar(255), content TEXT not null, title varchar(500) not null, view integer default 0 not null, primary key (id)) engine=MyISAM
Hibernate: create table user (id bigint not null auto_increment, created_date datetime, modified_date datetime, email varchar(255) not null, name varchar(255) not null, picture varchar(255), role varchar(255) not null, primary key (id)) engine=MyISAM
2022-04-07 17:17:51.452  INFO 26188 --- [    Test worker] o.h.t.schema.internal.SchemaCreatorImpl  : HHH000476: Executing import script 'org.hibernate.tool.schema.internal.exec.ScriptSourceInputNonExistentImpl@de1494d'
2022-04-07 17:17:51.460  INFO 26188 --- [    Test worker] j.LocalContainerEntityManagerFactoryBean : Initialized JPA EntityManagerFactory for persistence unit 'default'
2022-04-07 17:17:53.189  INFO 26188 --- [    Test worker] o.h.h.i.QueryTranslatorFactoryInitiator  : HHH000397: Using ASTQueryTranslatorFactory
2022-04-07 17:17:54.737  INFO 26188 --- [    Test worker] o.s.s.web.DefaultSecurityFilterChain     : Creating filter chain: any request, [org.springframework.security.web.context.request.async.WebAsyncManagerIntegrationFilter@355c2f8d, org.springframework.security.web.context.SecurityContextPersistenceFilter@48973a17, org.springframework.security.web.header.HeaderWriterFilter@2d4de7c4, org.springframework.security.web.authentication.logout.LogoutFilter@7cd8f3b, org.springframework.security.oauth2.client.web.OAuth2AuthorizationRequestRedirectFilter@77dd02f8, org.springframework.security.oauth2.client.web.OAuth2LoginAuthenticationFilter@5dba3c36, org.springframework.security.web.authentication.ui.DefaultLoginPageGeneratingFilter@4cc8089b, org.springframework.security.web.authentication.ui.DefaultLogoutPageGeneratingFilter@310d8ecd, org.springframework.security.web.savedrequest.RequestCacheAwareFilter@2cbdb52f, org.springframework.security.web.servletapi.SecurityContextHolderAwareRequestFilter@16dc5184, org.springframework.security.web.authentication.AnonymousAuthenticationFilter@1e3793a3, org.springframework.security.web.session.SessionManagementFilter@3116bf5e, org.springframework.security.web.access.ExceptionTranslationFilter@10cbd9ce, org.springframework.security.web.access.intercept.FilterSecurityInterceptor@492c8148]
2022-04-07 17:17:56.354  INFO 26188 --- [    Test worker] o.s.s.concurrent.ThreadPoolTaskExecutor  : Initializing ExecutorService 'applicationTaskExecutor'
2022-04-07 17:17:56.575  WARN 26188 --- [    Test worker] aWebConfiguration$JpaWebMvcConfiguration : spring.jpa.open-in-view is enabled by default. Therefore, database queries may be performed during view rendering. Explicitly configure spring.jpa.open-in-view to disable this warning
2022-04-07 17:17:56.740  INFO 26188 --- [    Test worker] o.s.b.a.w.s.WelcomePageHandlerMapping    : Adding welcome page template: index
2022-04-07 17:17:58.395  INFO 26188 --- [    Test worker] s.a.ScheduledAnnotationBeanPostProcessor : No TaskScheduler/ScheduledExecutorService bean found for scheduled processing
2022-04-07 17:17:58.421  INFO 26188 --- [    Test worker] o.e.domain.posts.PostRepositoryTest      : Started PostRepositoryTest in 15.338 seconds (JVM running for 18.633)
Hibernate: insert into posts (created_date, modified_date, author, content, title, view) values (?, ?, ?, ?, ?, ?)
Hibernate: select posts0_.id as id1_0_, posts0_.created_date as created_2_0_, posts0_.modified_date as modified3_0_, posts0_.author as author4_0_, posts0_.content as content5_0_, posts0_.title as title6_0_, posts0_.view as view7_0_ from posts posts0_
Hibernate: select posts0_.id as id1_0_, posts0_.created_date as created_2_0_, posts0_.modified_date as modified3_0_, posts0_.author as author4_0_, posts0_.content as content5_0_, posts0_.title as title6_0_, posts0_.view as view7_0_ from posts posts0_
Hibernate: delete from posts where id=?
Hibernate: insert into posts (created_date, modified_date, author, content, title, view) values (?, ?, ?, ?, ?, ?)
Hibernate: select posts0_.id as id1_0_, posts0_.created_date as created_2_0_, posts0_.modified_date as modified3_0_, posts0_.author as author4_0_, posts0_.content as content5_0_, posts0_.title as title6_0_, posts0_.view as view7_0_ from posts posts0_
>>>>>>>>>>>> createDate=2022-04-07T17:17:59.260, modifiedDate=2022-04-07T17:17:59.260
Hibernate: select posts0_.id as id1_0_, posts0_.created_date as created_2_0_, posts0_.modified_date as modified3_0_, posts0_.author as author4_0_, posts0_.content as content5_0_, posts0_.title as title6_0_, posts0_.view as view7_0_ from posts posts0_
Hibernate: delete from posts where id=?
]]></system-out>
  <system-err><![CDATA[]]></system-err>
</testsuite>
