<?xml version="1.0" encoding="UTF-8"?>
<testsuite name="org.example.domain.posts.PostRepositoryTest" tests="2" skipped="0" failures="0" errors="0" timestamp="2022-03-19T14:28:56" hostname="DESKTOP-BDSRUF4" time="0.505">
  <properties/>
  <testcase name="게시글저장_불러오기" classname="org.example.domain.posts.PostRepositoryTest" time="0.473"/>
  <testcase name="BaseTimeEntity_등록" classname="org.example.domain.posts.PostRepositoryTest" time="0.029"/>
  <system-out><![CDATA[2022-03-19 23:28:46.874  INFO 21992 --- [    Test worker] .b.t.c.SpringBootTestContextBootstrapper : Neither @ContextConfiguration nor @ContextHierarchy found for test class [org.example.domain.posts.PostRepositoryTest], using SpringBootContextLoader
2022-03-19 23:28:46.876  INFO 21992 --- [    Test worker] o.s.t.c.support.AbstractContextLoader    : Could not detect default resource locations for test class [org.example.domain.posts.PostRepositoryTest]: no resource found for suffixes {-context.xml, Context.groovy}.
2022-03-19 23:28:46.877  INFO 21992 --- [    Test worker] t.c.s.AnnotationConfigContextLoaderUtils : Could not detect default configuration classes for test class [org.example.domain.posts.PostRepositoryTest]: PostRepositoryTest does not declare any static, non-private, non-final, nested classes annotated with @Configuration.
2022-03-19 23:28:46.896  INFO 21992 --- [    Test worker] .b.t.c.SpringBootTestContextBootstrapper : Found @SpringBootConfiguration org.example.Application for test class org.example.domain.posts.PostRepositoryTest
2022-03-19 23:28:46.900  INFO 21992 --- [    Test worker] .b.t.c.SpringBootTestContextBootstrapper : Loaded default TestExecutionListener class names from location [META-INF/spring.factories]: [org.springframework.security.test.context.support.WithSecurityContextTestExecutionListener, org.springframework.security.test.context.support.ReactorContextTestExecutionListener, org.springframework.boot.test.autoconfigure.restdocs.RestDocsTestExecutionListener, org.springframework.boot.test.autoconfigure.web.client.MockRestServiceServerResetTestExecutionListener, org.springframework.boot.test.autoconfigure.web.servlet.MockMvcPrintOnlyOnFailureTestExecutionListener, org.springframework.boot.test.autoconfigure.web.servlet.WebDriverTestExecutionListener, org.springframework.boot.test.mock.mockito.MockitoTestExecutionListener, org.springframework.boot.test.mock.mockito.ResetMocksTestExecutionListener, org.springframework.test.context.web.ServletTestExecutionListener, org.springframework.test.context.support.DirtiesContextBeforeModesTestExecutionListener, org.springframework.test.context.support.DependencyInjectionTestExecutionListener, org.springframework.test.context.support.DirtiesContextTestExecutionListener, org.springframework.test.context.transaction.TransactionalTestExecutionListener, org.springframework.test.context.jdbc.SqlScriptsTestExecutionListener]
2022-03-19 23:28:46.903  INFO 21992 --- [    Test worker] .b.t.c.SpringBootTestContextBootstrapper : Using TestExecutionListeners: [org.springframework.test.context.web.ServletTestExecutionListener@36bda8d8, org.springframework.test.context.support.DirtiesContextBeforeModesTestExecutionListener@69339c9f, org.springframework.boot.test.mock.mockito.MockitoTestExecutionListener@5f48c3ac, org.springframework.boot.test.autoconfigure.SpringBootDependencyInjectionTestExecutionListener@5556dd7f, org.springframework.test.context.support.DirtiesContextTestExecutionListener@e764465, org.springframework.test.context.transaction.TransactionalTestExecutionListener@7b54e650, org.springframework.test.context.jdbc.SqlScriptsTestExecutionListener@62181f35, org.springframework.security.test.context.support.WithSecurityContextTestExecutionListener@1468b2c, org.springframework.security.test.context.support.ReactorContextTestExecutionListener@3d2fa20d, org.springframework.boot.test.autoconfigure.restdocs.RestDocsTestExecutionListener@6195b59e, org.springframework.boot.test.autoconfigure.web.client.MockRestServiceServerResetTestExecutionListener@43d6ef2e, org.springframework.boot.test.autoconfigure.web.servlet.MockMvcPrintOnlyOnFailureTestExecutionListener@767c0393, org.springframework.boot.test.autoconfigure.web.servlet.WebDriverTestExecutionListener@3683f89b, org.springframework.boot.test.mock.mockito.ResetMocksTestExecutionListener@7a769290]

  .   ____          _            __ _ _
 /\\ / ___'_ __ _ _(_)_ __  __ _ \ \ \ \
( ( )\___ | '_ | '_| | '_ \/ _` | \ \ \ \
 \\/  ___)| |_)| | | | | || (_| |  ) ) ) )
  '  |____| .__|_| |_|_| |_\__, | / / / /
 =========|_|==============|___/=/_/_/_/
 :: Spring Boot ::        (v2.1.9.RELEASE)

2022-03-19 23:28:47.007  INFO 21992 --- [    Test worker] o.e.domain.posts.PostRepositoryTest      : Starting PostRepositoryTest on DESKTOP-BDSRUF4 with PID 21992 (started by Hyunji in C:\springboot_project)
2022-03-19 23:28:47.007  INFO 21992 --- [    Test worker] o.e.domain.posts.PostRepositoryTest      : The following profiles are active: oauth
2022-03-19 23:28:48.069  INFO 21992 --- [    Test worker] .s.d.r.c.RepositoryConfigurationDelegate : Bootstrapping Spring Data repositories in DEFAULT mode.
2022-03-19 23:28:48.293  INFO 21992 --- [    Test worker] .s.d.r.c.RepositoryConfigurationDelegate : Finished Spring Data repository scanning in 198ms. Found 2 repository interfaces.
2022-03-19 23:28:49.090  INFO 21992 --- [    Test worker] trationDelegate$BeanPostProcessorChecker : Bean 'org.springframework.transaction.annotation.ProxyTransactionManagementConfiguration' of type [org.springframework.transaction.annotation.ProxyTransactionManagementConfiguration$$EnhancerBySpringCGLIB$$950ae534] is not eligible for getting processed by all BeanPostProcessors (for example: not eligible for auto-proxying)
2022-03-19 23:28:49.552  INFO 21992 --- [    Test worker] com.zaxxer.hikari.HikariDataSource       : HikariPool-1 - Starting...
2022-03-19 23:28:49.999  INFO 21992 --- [    Test worker] com.zaxxer.hikari.HikariDataSource       : HikariPool-1 - Start completed.
2022-03-19 23:28:50.231  INFO 21992 --- [    Test worker] o.hibernate.jpa.internal.util.LogHelper  : HHH000204: Processing PersistenceUnitInfo [
	name: default
	...]
2022-03-19 23:28:50.434  INFO 21992 --- [    Test worker] org.hibernate.Version                    : HHH000412: Hibernate Core {5.3.12.Final}
2022-03-19 23:28:50.440  INFO 21992 --- [    Test worker] org.hibernate.cfg.Environment            : HHH000206: hibernate.properties not found
2022-03-19 23:28:50.595  INFO 21992 --- [    Test worker] o.hibernate.annotations.common.Version   : HCANN000001: Hibernate Commons Annotations {5.0.4.Final}
2022-03-19 23:28:50.955  INFO 21992 --- [    Test worker] org.hibernate.dialect.Dialect            : HHH000400: Using dialect: org.hibernate.dialect.MySQL5Dialect
Hibernate: drop table if exists posts
Hibernate: drop table if exists user
Hibernate: create table posts (id bigint not null auto_increment, created_date datetime, modified_date datetime, author varchar(255), content TEXT not null, title varchar(500) not null, primary key (id)) engine=MyISAM
Hibernate: create table user (id bigint not null auto_increment, created_date datetime, modified_date datetime, email varchar(255) not null, name varchar(255) not null, picture varchar(255), role varchar(255) not null, primary key (id)) engine=MyISAM
2022-03-19 23:28:52.494  INFO 21992 --- [    Test worker] o.h.t.schema.internal.SchemaCreatorImpl  : HHH000476: Executing import script 'org.hibernate.tool.schema.internal.exec.ScriptSourceInputNonExistentImpl@6467bc74'
2022-03-19 23:28:52.499  INFO 21992 --- [    Test worker] j.LocalContainerEntityManagerFactoryBean : Initialized JPA EntityManagerFactory for persistence unit 'default'
2022-03-19 23:28:53.649  INFO 21992 --- [    Test worker] o.h.h.i.QueryTranslatorFactoryInitiator  : HHH000397: Using ASTQueryTranslatorFactory
2022-03-19 23:28:54.393  INFO 21992 --- [    Test worker] o.s.s.web.DefaultSecurityFilterChain     : Creating filter chain: any request, [org.springframework.security.web.context.request.async.WebAsyncManagerIntegrationFilter@2ebcc79f, org.springframework.security.web.context.SecurityContextPersistenceFilter@3684d05a, org.springframework.security.web.header.HeaderWriterFilter@61b13590, org.springframework.security.web.authentication.logout.LogoutFilter@ec14c40, org.springframework.security.oauth2.client.web.OAuth2AuthorizationRequestRedirectFilter@575ca41f, org.springframework.security.oauth2.client.web.OAuth2LoginAuthenticationFilter@6d890f88, org.springframework.security.web.authentication.ui.DefaultLoginPageGeneratingFilter@1ed749c0, org.springframework.security.web.authentication.ui.DefaultLogoutPageGeneratingFilter@502d0c4b, org.springframework.security.web.savedrequest.RequestCacheAwareFilter@387b534f, org.springframework.security.web.servletapi.SecurityContextHolderAwareRequestFilter@500eec65, org.springframework.security.web.authentication.AnonymousAuthenticationFilter@75fdac89, org.springframework.security.web.session.SessionManagementFilter@7057c80c, org.springframework.security.web.access.ExceptionTranslationFilter@d907c31, org.springframework.security.web.access.intercept.FilterSecurityInterceptor@4e8b8560]
2022-03-19 23:28:55.358  INFO 21992 --- [    Test worker] o.s.s.concurrent.ThreadPoolTaskExecutor  : Initializing ExecutorService 'applicationTaskExecutor'
2022-03-19 23:28:55.391  WARN 21992 --- [    Test worker] aWebConfiguration$JpaWebMvcConfiguration : spring.jpa.open-in-view is enabled by default. Therefore, database queries may be performed during view rendering. Explicitly configure spring.jpa.open-in-view to disable this warning
2022-03-19 23:28:55.462  INFO 21992 --- [    Test worker] o.s.b.a.w.s.WelcomePageHandlerMapping    : Adding welcome page template: index
2022-03-19 23:28:56.370  INFO 21992 --- [    Test worker] s.a.ScheduledAnnotationBeanPostProcessor : No TaskScheduler/ScheduledExecutorService bean found for scheduled processing
2022-03-19 23:28:56.386  INFO 21992 --- [    Test worker] o.e.domain.posts.PostRepositoryTest      : Started PostRepositoryTest in 9.476 seconds (JVM running for 17.776)
Hibernate: insert into posts (created_date, modified_date, author, content, title) values (?, ?, ?, ?, ?)
Hibernate: select posts0_.id as id1_0_, posts0_.created_date as created_2_0_, posts0_.modified_date as modified3_0_, posts0_.author as author4_0_, posts0_.content as content5_0_, posts0_.title as title6_0_ from posts posts0_
Hibernate: select posts0_.id as id1_0_, posts0_.created_date as created_2_0_, posts0_.modified_date as modified3_0_, posts0_.author as author4_0_, posts0_.content as content5_0_, posts0_.title as title6_0_ from posts posts0_
Hibernate: delete from posts where id=?
Hibernate: insert into posts (created_date, modified_date, author, content, title) values (?, ?, ?, ?, ?)
Hibernate: select posts0_.id as id1_0_, posts0_.created_date as created_2_0_, posts0_.modified_date as modified3_0_, posts0_.author as author4_0_, posts0_.content as content5_0_, posts0_.title as title6_0_ from posts posts0_
>>>>>>>>>>>> createDate=2022-03-19T23:28:56.879, modifiedDate=2022-03-19T23:28:56.879
Hibernate: select posts0_.id as id1_0_, posts0_.created_date as created_2_0_, posts0_.modified_date as modified3_0_, posts0_.author as author4_0_, posts0_.content as content5_0_, posts0_.title as title6_0_ from posts posts0_
Hibernate: delete from posts where id=?
]]></system-out>
  <system-err><![CDATA[]]></system-err>
</testsuite>
